<?xml version="1.0" encoding="UTF-8"?>
<!-- Generated by org.testng.reporters.JUnitReportReporter -->
<testsuite hostname="LAPTOP-1I0UICJP" failures="0" tests="1" name="com.apex.test.GoogleLoginTest" time="6.513" errors="0" timestamp="2022-08-17T18:11:53 PDT" skipped="0">
  <testcase classname="com.apex.test.GoogleLoginTest" name="test_GoogleSearch" time="6.513"/>
  <system-out/>
</testsuite> <!-- com.apex.test.GoogleLoginTest -->
