<?xml version="1.0" encoding="UTF-8"?>
<!-- Generated by org.testng.reporters.JUnitReportReporter -->
<testsuite hostname="LAPTOP-1I0UICJP" failures="0" tests="6" name="com.qa.testngdemo.DataproviderTest" time="0.014" errors="0" timestamp="2022-08-27T15:42:52 PDT" skipped="0">
  <testcase classname="com.qa.testngdemo.DataproviderTest" name="test1" time="0.002"/>
  <system-out>
    <![CDATA[ZZZ]]>
  </system-out>
  <testcase classname="com.qa.testngdemo.DataproviderTest" name="test1" time="0.002"/>
  <system-out>
    <![CDATA[XXX]]>
  </system-out>
  <testcase classname="com.qa.testngdemo.DataproviderTest" name="test" time="0.006"/>
  <system-out/>
  <testcase classname="com.qa.testngdemo.DataproviderTest" name="test" time="0.002"/>
  <system-out/>
  <testcase classname="com.qa.testngdemo.DataproviderTest" name="test" time="0.001"/>
  <system-out/>
  <testcase classname="com.qa.testngdemo.DataproviderTest" name="test1" time="0.001"/>
  <system-out>
    <![CDATA[YYY]]>
  </system-out>
</testsuite> <!-- com.qa.testngdemo.DataproviderTest -->
