<?xml version="1.0" encoding="UTF-8"?>
<!-- Generated by org.testng.reporters.JUnitReportReporter -->
<testsuite hostname="LAPTOP-1I0UICJP" failures="0" tests="5" name="com.qa.testngdemo.GroupsPriorityDisable" time="0.013" errors="0" timestamp="2022-08-16T09:41:31 PDT" skipped="1">
  <testcase classname="com.qa.testngdemo.GroupsPriorityDisable" name="test3" time="0.009"/>
  <system-out/>
  <testcase classname="com.qa.testngdemo.GroupsPriorityDisable" name="test5" time="0.001"/>
  <system-out/>
  <testcase classname="com.qa.testngdemo.GroupsPriorityDisable" name="test2" time="0.001"/>
  <system-out/>
  <testcase classname="com.qa.testngdemo.GroupsPriorityDisable" name="test1" time="0.002"/>
  <system-out/>
  <testcase classname="com.qa.testngdemo.GroupsPriorityDisable" name="test4">
    <skipped/>
  </testcase> <!-- test4 -->
  <system-out/>
</testsuite> <!-- com.qa.testngdemo.GroupsPriorityDisable -->
