<?xml version="1.0" encoding="UTF-8"?>
<!-- Generated by org.testng.reporters.JUnitReportReporter -->
<testsuite hostname="LAPTOP-1I0UICJP" failures="0" tests="2" name="com.qa.demos.Dependency$Login" time="0.021" errors="0" timestamp="2022-08-12T16:07:43 PDT" skipped="0">
  <testcase classname="com.qa.demos.Dependency$Login" name="login" time="0.018"/>
  <system-out/>
  <testcase classname="com.qa.demos.Dependency$Login" name="home" time="0.003"/>
  <system-out/>
</testsuite> <!-- com.qa.demos.Dependency$Login -->
