<?xml version="1.0" encoding="UTF-8"?>
<!-- Generated by org.testng.reporters.JUnitReportReporter -->
<testsuite hostname="LAPTOP-1I0UICJP" failures="0" tests="1" name="com.qa.testngdemo.SkipExcption" time="0.008" errors="0" timestamp="2022-08-27T15:50:12 PDT" skipped="1">
  <testcase classname="com.qa.testngdemo.SkipExcption" name="testSkipExcption" time="0.008">
    <skipped/>
  </testcase> <!-- testSkipExcption -->
  <system-out/>
</testsuite> <!-- com.qa.testngdemo.SkipExcption -->
