<?xml version="1.0" encoding="UTF-8"?>
<!-- Generated by org.testng.reporters.JUnitReportReporter -->
<testsuite hostname="LAPTOP-1I0UICJP" failures="0" tests="1" name="com.qa.testngdemo.TestingListeners" time="0.012" errors="0" timestamp="2022-08-22T13:40:00 PDT" skipped="0">
  <testcase classname="com.qa.testngdemo.TestingListeners" name="success" time="0.012"/>
  <system-out/>
</testsuite> <!-- com.qa.testngdemo.TestingListeners -->
