<?xml version="1.0" encoding="UTF-8"?>
<!-- Generated by org.testng.reporters.JUnitReportReporter -->
<testsuite hostname="LAPTOP-1I0UICJP" failures="0" tests="1" name="com.qa.testngdemo.Parameterization" time="0.016" errors="0" timestamp="2022-08-22T13:41:53 PDT" skipped="0">
  <testcase classname="com.qa.testngdemo.Parameterization" name="param_Testing" time="0.016"/>
  <system-out/>
</testsuite> <!-- com.qa.testngdemo.Parameterization -->
