<?xml version="1.0" encoding="UTF-8"?>
<!-- Generated by org.testng.reporters.JUnitReportReporter -->
<testsuite hostname="LAPTOP-1I0UICJP" failures="0" tests="5" name="com.qa.demos.Groups" time="0.013" errors="0" timestamp="2022-08-12T16:33:51 PDT" skipped="1">
  <testcase classname="com.qa.demos.Groups" name="test4" time="0.010"/>
  <system-out/>
  <testcase classname="com.qa.demos.Groups" name="test3" time="0.001"/>
  <system-out/>
  <testcase classname="com.qa.demos.Groups" name="test1" time="0.001"/>
  <system-out/>
  <testcase classname="com.qa.demos.Groups" name="test2" time="0.001"/>
  <system-out/>
  <testcase classname="com.qa.demos.Groups" name="test5">
    <skipped/>
  </testcase> <!-- test5 -->
  <system-out/>
</testsuite> <!-- com.qa.demos.Groups -->
