<?xml version="1.0" encoding="UTF-8"?>
<!-- Generated by org.testng.reporters.JUnitReportReporter -->
<testsuite hostname="LAPTOP-1I0UICJP" failures="0" tests="4" name="com.qa.testngdemo.Groups" time="0.026" errors="0" timestamp="2022-08-22T13:33:02 PDT" skipped="0">
  <testcase classname="com.qa.testngdemo.Groups" name="test1" time="0.021"/>
  <system-out/>
  <testcase classname="com.qa.testngdemo.Groups" name="test3" time="0.001"/>
  <system-out/>
  <testcase classname="com.qa.testngdemo.Groups" name="test2" time="0.002"/>
  <system-out/>
  <testcase classname="com.qa.testngdemo.Groups" name="test5" time="0.002"/>
  <system-out/>
</testsuite> <!-- com.qa.testngdemo.Groups -->
