<?xml version="1.0" encoding="UTF-8"?>
<!-- Generated by org.testng.reporters.JUnitReportReporter -->
<testsuite hostname="LAPTOP-1I0UICJP" failures="0" tests="5" name="com.qa.testngdemo.PriorityDisable" time="0.025" errors="0" timestamp="2022-08-22T13:35:25 PDT" skipped="1">
  <testcase classname="com.qa.testngdemo.PriorityDisable" name="test4" time="0.019"/>
  <system-out/>
  <testcase classname="com.qa.testngdemo.PriorityDisable" name="test3" time="0.003"/>
  <system-out/>
  <testcase classname="com.qa.testngdemo.PriorityDisable" name="test5" time="0.001"/>
  <system-out/>
  <testcase classname="com.qa.testngdemo.PriorityDisable" name="test2" time="0.002"/>
  <system-out/>
  <testcase classname="com.qa.testngdemo.PriorityDisable" name="test1">
    <skipped/>
  </testcase> <!-- test1 -->
  <system-out/>
</testsuite> <!-- com.qa.testngdemo.PriorityDisable -->
